66547080
68093114
61684207
64912833
65716809
66547080
68093114
61684207
64912833
66547080
68093114
69785998
61684207
64912833
66547080
68093114
65871581
62720332
69785998
61684207
64912833
65716809
66547080
68093114
69785998
65871581
62720332
62720332
65871581
62720332
65871581
61684207
64912833
65716809
69785998
62720332
62720332
62720332
61033239
61539165
61684207
61990104
62609613
62720332
62731396
63003141
63065634
63144220
63193915
63472345
63751971
63912200
64163818
64347362
64731377
64912833
65232651
65312019
65576620
65716809
65871581
66153274
66158474
66296817
66379323
66392267
66547080
66801671
67095518
67330546
67383303
67470427
67970934
68006305
68042582
68093114
68648605
68846850
68950386
69010267
69288409
69554265
69588627
69785998
65716809
62720332
