60000777
60051832
60201837
60324537
60347219
60356976
60384235
60467421
60591814
60667087
60700110
60751902
60753180
60755199
60798460
60842024
60855242
60916229
60926013
60931537
61014819
61021991
61063905
61164683
61168799
61185371
61205532
61216849
61251316
61300165
61313611
61314485
61337110
61455009
61515919
61524882
61544162
61665573
61694678
61769102
61854951
61925708
61971246
62013385
62039031
62040254
62040845
62073667
62077847
62158676
62204771
62262276
62351497
62383609
62432522
62477396
62540067
62548690
62559135
62559199
62565070
62620200
62714824
62719458
62774337
62851901
62928415
62953906
62978770
62980974
62981923
63041957
63066145
63067215
63161892
63211765
63238495
63345789
63381842
63400132
63402902
63438147
63588691
63591851
63613625
63791318
63913334
63948513
64048591
64087053
64101058
64124181
64188928
64224096
64240638
64264475
64332983
64385103
64428832
64505887
64528640
64582563
64604682
64815811
64833318
64870067
64930639
65073252
65116223
65147464
65150058
65260775
65269571
65288422
65305188
65322216
65328169
65344860
65363113
65498602
65522918
65593826
65626977
65649221
65654161
65697814
65860364
65863104
65907383
65915533
66102931
66220253
66223203
66254825
66509350
66544369
66633241
66663722
66715012
66728497
66783077
66824855
66878792
66917327
66944388
66951176
66965293
67095938
67191961
67198450
67203082
67211894
67215259
67224906
67367174
67390486
67433286
67459943
67478160
67508066
67673826
67725778
67785184
67788757
67805797
68022188
68181831
68188391
68237689
68253896
68271093
68351251
68371033
68455780
68516735
68583755
68615224
68622133
68685482
68763422
68780051
68803742
68820930
68837844
68927551
68996857
69021694
69074483
69140990
69167311
69168445
69207204
69277067
69297753
69447808
69616681
69620320
69632529
69712402
69729177
69991813
60009616
61177182
63193751
63245447
63771461
64439241
64695995
65109314
69194575
69595244
60003435
60048722
60343719
60506002
60997188
61673680
62421013
62514439
63191921
63410518
63785201
63828948
64478162
65069581
65310228
65358301
66280040
67296994
67572325
67673776
67951108
68109682
68337141
68775321
69753064
60003435
60048722
60343719
60506002
60997188
61673680
62421013
62514439
63191921
63410518
63785201
63828948
64478162
65069581
65310228
65358301
66280040
67296994
67572325
67673776
67951108
68109682
68337141
68775321
69753064
60003435
60048722
60343719
60997188
61673680
62514439
63191921
63410518
63828948
64478162
65310228
65358301
67296994
67572325
67673776
67951108
68109682
68337141
68775321
69753064
60022738
60127949
60157294
60209182
60222354
60273772
60333027
60378086
60693281
60737308
60975252
61035119
61120498
61219222
61227411
61305080
61379885
61444913
61512638
61519682
61533785
61538825
61673940
61943097
62033263
62094992
62584448
62710740
62717749
62883144
62934247
62973015
63076876
63123105
63167500
63192215
63252616
63267721
63295076
63428683
63556900
63687885
63695572
63822596
63896283
63993540
64133974
64168434
64221926
64364397
64556344
64582887
64633709
64652606
64693528
64849938
64917620
65014236
65016792
65317571
65330362
65391753
65452793
65651418
65681639
65707920
65716360
65722915
65749339
65795468
65881006
65920893
65970063
65986637
66034302
66049756
66154789
66406208
66563298
66806177
66868346
66964597
67007913
67019068
67199673
67351615
67456235
67599272
67621402
67719280
67791707
67869942
68135830
68152000
68154122
68172704
68289166
68383466
68895616
68941946
68945072
68968587
69088287
69241480
69249228
69322053
69350907
69436847
69467440
69486202
69525954
69540835
69598742
69634188
69847752
69875043
69878484
69898227
60378086
61227411
61305080
61379885
61673940
62710740
62717749
63076876
63192215
65452793
66406208
66868346
67199673
67351615
67456235
68135830
69436847
69525954
69540835
61227411
61305080
61379885
62710740
63192215
69525954
60004932
60148110
60448378
60660395
60775853
60913329
60990795
61027318
61250837
61506261
61507783
61904144
62009853
62091971
62214025
62267309
62273415
62319880
62527066
62531552
62570719
62578477
62635679
62640669
62791315
62865865
63012838
63139312
63447178
63472758
63532582
63563250
63706499
63806909
63941223
64011319
64053300
64254851
64373211
64383846
64750210
64795860
64989527
65135355
65346174
65397489
65547501
65800164
65937227
66037572
66285411
66336261
66390946
66571380
66627936
66741854
66797212
67030171
67247278
67553353
67619006
67704944
67834902
67945144
68305834
68377328
68382713
68473102
68515487
68593094
68596368
68631577
68709378
69143260
69229229
69398841
69662287
69899592
69939574
60004932
60148110
60448378
60775853
60913329
61250837
61506261
61904144
62009853
62091971
62214025
62267309
62273415
62319880
62527066
62531552
62570719
62635679
62640669
62791315
62865865
63012838
63139312
63447178
63472758
63532582
63563250
63706499
63806909
64011319
64053300
64254851
64373211
64383846
64750210
64795860
64989527
65346174
65397489
65547501
65800164
66037572
66285411
66390946
66571380
66741854
66797212
67247278
67553353
67619006
67704944
67834902
67945144
68305834
68377328
68382713
68473102
68593094
68596368
68709378
69143260
69229229
69899592
69939574
60004971
63332681
63393428
63616817
63739595
65135202
65424609
65921098
66926874
67294648
69159720
69422299
60004971
63332681
63393428
63739595
65135202
65921098
66926874
67294648
69159720
69422299
60004971
63332681
63393428
63739595
65135202
65921098
66926874
67294648
69159720
69422299
60004971
61477621
63332681
63393428
63739595
65135202
65921098
66926874
67294648
67835744
69159720
69422299
60004971
61477621
62537295
63054659
63332681
63739595
64739573
65787731
65820487
65921098
66926874
67223601
67294648
67463475
67791835
67835744
69159720
69422299
60004971
61477621
63332681
63739595
65921098
66926874
67294648
67835744
69159720
69422299
60004971
61477621
63332681
63739595
65921098
66926874
67294648
67835744
69159720
69422299
60004971
61477621
63332681
63739595
65921098
66926874
67294648
67835744
69159720
69422299
60004971
63332681
63739595
65921098
66926874
69422299
60273772
60465363
60473805
60552722
60705584
60732866
60777377
60818799
61099292
61164548
61223352
61227411
61305080
61379885
61444913
61679523
61715802
61943097
62094992
62177801
62305336
62374421
62502166
62516187
62721886
62724277
62800006
62934247
63074583
63155633
63192215
63252616
63308310
63346446
63667968
63894161
63896283
63958571
64168434
64325323
64445721
64746240
64880588
64898141
64915587
65119504
65264460
65447593
65496626
65625423
65817313
65879717
65956487
65963670
65992519
66099563
66166446
66479715
66482622
66543872
66563298
66643680
66764109
66833384
66865154
66929183
66985901
67059721
67084685
67123355
67266969
67320413
67356904
67525165
67586684
67703810
67719280
67763832
67790473
67791707
67851780
67869942
67965937
67988590
68126219
68135830
68312768
68455517
68522453
68607398
68869105
68902929
69079313
69088807
69095221
69253842
69295389
69412821
69486202
69525954
69540835
69610931
69729234
69831335
69847752
60273772
60465363
60473805
60552722
60705584
60777377
60818799
61099292
61120270
61164548
61223352
61227411
61305080
61379885
61444913
61679523
61715802
61943097
62094992
62177801
62305336
62374421
62502166
62516187
62721886
62724277
62800006
62934247
63074583
63155633
63192215
63252616
63308310
63346446
63667968
63896283
63958571
64168434
64325323
64445721
64880588
64898141
64915587
65119504
65264460
65447593
65496626
65625423
65817313
65879717
65882001
65956487
65992519
66099563
66166446
66482622
66543872
66563298
66643680
66764109
66865154
66929183
66985901
67059721
67084685
67123355
67266969
67320413
67586684
67595893
67703810
67719280
67763832
67790473
67791707
67851780
67869942
67965937
67988590
68126219
68135830
68312768
68455517
68607398
68869105
69079313
69095221
69253842
69295389
69347708
69412821
69525954
69540835
69610931
69729234
69847752
60035828
60085578
60228656
60905236
61014598
61146393
61447140
61868157
62154101
62273276
62444357
62478683
62500172
62605440
62846605
62959720
63048930
63369135
63775449
64301144
64338872
64347049
64963386
65070338
65110373
65655338
65749766
65786526
65895301
66823988
67020451
67122812
67182916
67417855
67578431
67785978
67860797
67908904
67972821
67974320
68069437
68632985
68877283
60035828
60085578
60228656
60344618
60412745
60703003
60845351
60905236
60956736
61014598
61146393
61254668
61447140
61593227
61642934
61868157
62154101
62166751
62273276
62378455
62444357
62500172
62605440
62660134
62739838
62846605
62959720
62974028
63006123
63024438
63048930
63181304
63359098
63369135
63397960
63655713
63775449
63894193
64001684
64118627
64301144
64333341
64338872
64347049
64640148
64685296
64940170
64963386
65000005
65070338
65110373
65250838
65404250
65481446
65596021
65655338
65749531
65749766
65786526
65803541
65830969
65878330
65895301
65933182
65946443
66324519
66390775
66612197
66823988
66967675
66978141
67020451
67122812
67182916
67377827
67417855
67578431
67588571
67785978
67824210
67860797
67908904
67972821
67974320
68069437
68193399
68291007
68429846
68877283
69299170
69478885
69632632
69761381
60035828
60085578
60228656
60905236
61014598
61146393
61447140
61868157
62154101
62273276
62444357
62500172
62605440
62846605
62959720
63048930
63369135
63775449
64301144
64338872
64963386
65070338
65110373
65655338
65749766
65786526
65895301
66823988
67020451
67122812
67182916
67417855
67578431
67860797
67908904
67972821
67974320
68069437
68877283
60035828
60085578
60228656
60905236
61014598
61146393
61447140
61868157
62154101
62273276
62444357
62500172
62846605
62959720
63048930
63369135
64301144
64338872
64963386
65070338
65110373
65655338
65749766
66823988
67020451
67122812
67182916
67417855
67578431
67860797
67972821
67974320
68069437
60035828
60085578
61014598
61146393
61447140
61868157
62154101
62959720
63048930
64338872
64963386
65070338
65110373
65655338
66823988
67020451
67972821
68069437
60223919
60362986
60575525
60650636
60695040
60788509
60793075
60812846
60867967
60868318
60890784
60931327
61087614
61214990
61247321
61251444
61288019
61328905
61374361
61490298
61490985
61647269
61679135
61680130
61691881
61720831
61761760
61775767
61955936
61956290
62008826
62053006
62067319
62211367
62264409
62317694
62431146
62484063
62545751
62597374
62634997
62665633
62828906
62930010
62955768
62960975
62965196
62973620
62975906
63095549
63138687
63187143
63206946
63226190
63307169
63377114
63449987
63552567
63595401
63608279
63666492
63751971
63766699
63774888
63895822
64109788
64159008
64164261
64227249
64347362
64501878
64535001
64717146
64726597
64742217
64802529
64816984
64827518
64968173
65028403
65039855
65043661
65153570
65200301
65231229
65234143
65263198
65312019
65328906
65362239
65417511
65442176
65572885
65699683
65704899
65734248
65758480
65771289
65807550
65927368
65995604
66053815
66158474
66201057
66263176
66314090
66379323
66392267
66707204
66726119
66730060
66920654
66966388
67015034
67095518
67192942
67193236
67198030
67324543
67331018
67383303
67407010
67435903
67447909
67467438
67470427
67528193
67536172
67549636
67559573
67585365
67642147
67866017
67873093
67884200
67909778
67971025
68006305
68025800
68097600
68122911
68196096
68217868
68253978
68296513
68484764
68501046
68519051
68611215
68754537
68787590
68846850
68849070
68866422
69000497
69010267
69010801
69027590
69039411
69080600
69109799
69285352
69350490
69440660
69722948
69727870
69851010
69993198
61251444
61956290
62067319
62665633
62965196
63095549
63206946
63226190
63608279
63774888
64159008
64227249
65234143
65704899
67528193
61251444
61956290
62067319
62665633
62965196
63095549
63206946
63226190
63608279
63774888
64159008
64227249
65234143
65704899
67528193
60019877
60031954
60051704
60088332
60157789
60208511
60222009
60245278
60250574
60327818
60384324
60407883
60432840
60449163
60449715
60458109
60487502
60492182
60532762
60582740
60586660
60623094
60626336
60654588
60710236
60727463
60728316
60777352
60777637
60782591
60798040
60801433
60802503
60827517
60859600
60895297
61045227
61062319
61065767
61152649
61163720
61194363
61206463
61210038
61217253
61228748
61233250
61344795
61367281
61373074
61387095
61393123
61412036
61445869
61467374
61505540
61578289
61615937
61673698
61675215
61692766
61698826
61736974
61779228
61782612
61783792
61787125
61795232
61807478
61893655
61911509
61913912
61998567
62025170
62034803
62051101
62052776
62076065
62117932
62145198
62165973
62224959
62248853
62263111
62341414
62349044
62353459
62440800
62464192
62499834
62513159
62549066
62570719
62604349
62610074
62610213
62678189
62718331
62758393
62758742
62793483
62834446
62847290
62852405
62894571
62916879
62942735
62943335
63007766
63032520
63032812
63046566
63085836
63088184
63104172
63144220
63174690
63219776
63258583
63298738
63324001
63386693
63388071
63401871
63435891
63453665
63619539
63634758
63728257
63735305
63761773
63777749
63809022
63809385
63853652
63877557
63906140
63912200
63963390
63983845
64036475
64076562
64104385
64105989
64156542
64195196
64204535
64233113
64245464
64275105
64336017
64375988
64418418
64426009
64449709
64468086
64474662
64516780
64530417
64545198
64550448
64578682
64591772
64653010
64658025
64658228
64731377
64792565
64815067
64821668
64835365
64854807
64902668
64989025
65019258
65079198
65097919
65120428
65155009
65179775
65209122
65214468
65231791
65236468
65269984
65410876
65424420
65442030
65467329
65514597
65516662
65535100
65558501
65559877
65576620
65593228
65614455
65630071
65632371
65661138
65708246
65745682
65787998
65818301
65823227
65835546
65887169
65951942
65983694
66020669
66055766
66067754
66083616
66092309
66106157
66134263
66153274
66155503
66164527
66173533
66181238
66192035
66238461
66250079
66290928
66379729
66401403
66421480
66422899
66426470
66427298
66432676
66479124
66537862
66567204
66577180
66607830
66611519
66630583
66633273
66705566
66744512
66801671
66804856
66873005
66932891
66953896
66982809
66986693
67020818
67136541
67153213
67156234
67156800
67175793
67189202
67193026
67208193
67281476
67284426
67284967
67330546
67382906
67471714
67555564
67556495
67587081
67652216
67659246
67675161
67750557
67755230
67756040
67764254
67767332
67806600
67861917
67862809
67904311
67947540
67957506
67963167
67968506
67970934
67978361
68018026
68024310
68041612
68044067
68047686
68125213
68178753
68181742
68186383
68207913
68272505
68310393
68310952
68311716
68370390
68378654
68415608
68445366
68501719
68510974
68516475
68524486
68600642
68605397
68613248
68620805
68648605
68669332
68702597
68706065
68706880
68707174
68717439
68753339
68758902
68780592
68798117
68831072
68841020
68917500
68919953
68924434
68925283
68953254
68979256
69002765
69005448
69030120
69049672
69085348
69107595
69158390
69242340
69252822
69261682
69266583
69288409
69328686
69393666
69399338
69422317
69468186
69488840
69492618
69498681
69511207
69554265
69570796
69578120
69588627
69612188
69617954
69620181
69648202
69652211
69655296
69690240
69745110
69847396
69875634
69930924
69945011
60199158
60208810
60282586
60373477
60465363
60473805
60552722
60672814
60705584
60763114
60777377
60818799
61099292
61164548
61213066
61223352
61394816
61715802
61847088
61942771
62177801
62181340
62305336
62374421
62502166
62516187
62721886
62724277
62800006
63008462
63074583
63141701
63155633
63308310
63346446
63511905
63528064
63667968
63720253
63958571
64039261
64232883
64325323
64445721
64743568
64804462
64880588
64898141
64915587
64973512
65069072
65085404
65119504
65264460
65395036
65437229
65447593
65496626
65625423
65646289
65780135
65817313
65879717
65956487
65966905
65992519
66045537
66099563
66166446
66409492
66482622
66543872
66565609
66643680
66743339
66764109
66865154
66929183
66985901
67059721
67123355
67266969
67320413
67386032
67694432
67703810
67763832
67790473
67851780
67951542
67965937
67988590
68126219
68152000
68396517
68419955
68455517
68480470
68523231
68607398
68645178
68672645
68790298
68869105
69079313
69095221
69240535
69295389
69412821
69610931
69729234
69804295
69914852
60199158
60282586
60373477
60465363
60672814
60705584
60763114
60777377
60818799
61099292
61164548
61213066
61223352
61394816
61715802
61847088
61942771
62181340
62305336
62374421
62502166
62516187
62721886
62724277
63008462
63074583
63141701
63346446
63511905
63528064
63667968
63958571
64039261
64232883
64445721
64743568
64804462
64880588
64898141
64915587
64973512
65069072
65085404
65119504
65264460
65437229
65447593
65496626
65646289
65780135
65879717
65956487
65966905
65992519
66045537
66099563
66166446
66409492
66482622
66543872
66565609
66643680
66764109
66929183
67059721
67123355
67266969
67320413
67694432
67703810
67763832
67790473
67951542
67965937
67988590
68126219
68152000
68419955
68455517
68480470
68607398
68645178
68672645
68790298
69079313
69095221
69295389
69412821
69610931
69729234
69914852
60199158
60208810
60282586
60373477
60465363
60473805
60672814
60705584
60763114
60777377
60818799
61099292
61164548
61213066
61223352
61394816
61715802
61847088
61942771
62177801
62181340
62305336
62374421
62502166
62516187
62724277
63008462
63074583
63141701
63155633
63511905
63528064
63667968
63720253
63958571
64039261
64232883
64325323
64445721
64804462
64880588
64898141
64915587
65069072
65085404
65119504
65264460
65437229
65447593
65496626
65625423
65780135
65817313
65956487
65966905
65992519
66045537
66099563
66166446
66370438
66409492
66482622
66543872
66565609
66643680
66743339
66764109
66865154
66929183
66985901
67059721
67123355
67266969
67320413
67661635
67703810
67763832
67790473
67851780
67965937
67988590
68126219
68152000
68396517
68419955
68455517
68480470
68523231
68607398
68645178
68672645
68790298
69079313
69095221
69240535
69295389
69610931
69729234
69804295
69914852
60465363
60705584
60818799
61099292
61164548
61715802
62177801
62374421
62516187
62724277
63155633
63958571
64445721
64915587
65264460
66166446
66482622
66543872
66764109
66985901
67059721
67320413
67703810
67763832
67790473
67965937
67988590
68126219
69079313
69095221
66865154
66865154
63054659
65820487
66865154
67223601
67463475
66865154
66865154
60033599
60360864
60893549
67711141
60033599
60360864
60893549
65407392
67711141
60379619
61844067
62235902
62720332
63222975
63364686
63948972
64038832
64333925
64431173
66108165
67960153
68585546
65613549
66457462
66790602
65613549
66457462
66790602
65613549
66457462
66790602
66457462
67326868
67326868
60931327
61775767
62008826
62053006
63187143
63552567
65758480
66707204
67467438
67536172
67866017
68754537
69000497
69440660
65921098
69422299
61303624
62640929
63931492
64273645
66131114
66895667
67119385
60054077
62479447
67815510
60054077
62479447
67815510
60594721
60663637
62197519
67530625
68872286
68971544
60071055
60369742
62192408
62874323
64339369
64494647
65809811
68222025
68323120
68389049
69135096
69495023
60054077
61330475
62479447
63249214
63500079
64239461
64519196
65470528
66126875
66690363
66968542
67815510
68470056
69679525
60072310
60102426
60344618
60407883
60409368
60412745
60432840
60449163
60449715
60482462
60606497
60653625
60654588
60703003
60777352
60777637
60778995
60845351
60956736
61045227
61065767
61194363
61228748
61233250
61234555
61254668
61297491
61344795
61505540
61551089
61593227
61642934
61669511
61675891
61693373
61728237
61730462
61781567
61782612
61807478
61998567
62117932
62143432
62166751
62224959
62248853
62341414
62349044
62353459
62358463
62361114
62378455
62524013
62547777
62660134
62739838
62758393
62943335
62947554
62974028
63006123
63007766
63024438
63032520
63032812
63094828
63174690
63181304
63298738
63324001
63359098
63397960
63453665
63512505
63655713
63728257
63761773
63809022
63809385
63853652
63894193
63933486
64001684
64036475
64076562
64118627
64166497
64222615
64233113
64333341
64336017
64355619
64426009
64468086
64474662
64545198
64640148
64658025
64661637
64685296
64851768
64905415
64940170
65000005
65079198
65097919
65222582
65236468
65250838
65256983
65283215
65368480
65404250
65407759
65410876
65428148
65481446
65531753
65558501
65564746
65593228
65596021
65614455
65643535
65653312
65749531
65803541
65830969
65835546
65878330
65933182
65946443
66055766
66083616
66155503
66164527
66250079
66324519
66379729
66390775
66401403
66421480
66456855
66577180
66611519
66612197
66630583
66652658
66740802
66932891
66967675
66978141
66983010
67006423
67120512
67123622
67127827
67135852
67153213
67156234
67193026
67208193
67377827
67392010
67587081
67588571
67657544
67659246
67675161
67714568
67753998
67764254
67806600
67824210
67862809
67960580
68125074
68125213
68186383
68193399
68196192
68248657
68291007
68367234
68378654
68429846
68516393
68516475
68579276
68648861
68702597
68780592
68912827
68976744
69002765
69005448
69049672
69085348
69231098
69299170
69325099
69478885
69488840
69490859
69578120
69632461
69632632
69652211
69690240
69761381
60208810
60221786
60282586
60672814
60763114
61213066
61349237
61394816
61645204
61679523
62007667
62088427
62181340
62979783
63008462
63141701
63511905
63528064
63613721
63720253
63880215
64012296
64071939
64232883
64743568
64804462
64930525
64973512
65069072
65085404
65133639
65437229
65646289
65780135
66045537
66150246
66159843
66409492
66743339
67386032
67694432
67951542
68396517
68523231
68645178
68672645
68790298
69240535
69914852
60113045
60208810
60221786
60282586
60672814
60711014
60763114
61213066
61349237
61364591
61394816
61897290
62007667
62088427
62181340
62790423
62912941
62979783
63008462
63141701
63163509
63511905
63528064
63720253
64012296
64039261
64071939
64232883
64743568
64804462
64973512
65069072
65085404
65133639
65437229
65646289
65654784
65780135
66045537
66152304
66409492
66743339
66928373
67133805
67386032
67422806
67694432
67862225
67951542
68396517
68523231
68645178
68672645
68790298
69240535
69804295
69914852
60208810
60221786
60282586
60672814
60763114
61213066
61394816
61897290
62007667
62088427
62181340
62790423
62979783
63008462
63141701
63511905
63528064
63720253
64012296
64039261
64071939
64232883
64743568
64804462
64973512
65069072
65085404
65133639
65437229
65646289
65654784
65780135
66045537
66409492
66743339
66928373
67133805
67386032
67694432
67862225
67951542
68396517
68523231
68645178
68672645
68790298
69240535
69804295
69914852
60208810
60282586
60672814
60763114
61213066
61394816
62181340
62790423
63008462
63141701
63511905
63528064
63720253
64039261
64232883
64743568
64804462
64973512
65069072
65085404
65437229
65646289
65654784
65780135
66045537
66409492
66743339
66928373
67133805
67386032
67694432
67951542
68396517
68645178
68672645
68790298
69240535
69804295
66370438
67661635
66370438
67661635
60703003
60845351
62166751
62378455
62974028
63359098
63397960
64001684
64118627
64661637
64685296
65250838
65596021
65878330
65933182
66978141
67377827
67824210
68429846
68976744
69632632
60113045
61364591
62197362
62213090
62912941
63055031
63480349
64904434
65144856
65601283
67001351
67733515
68171118
68296132
68825219
68948346
69492924
69631345
60189609
60768702
61897600
62489815
62690191
66713965
67678531
68323960
69428925
61767101
62799550
65753177
66155243
66413195
68232749
68642538
69015645
69496004
60273256
61767101
62402002
62799550
63914482
64195680
66121860
66155243
66568587
67461741
68232749
68366036
68642538
69496004
62303584
65623326
65870796
67711999
68370262
68681555
69057701
69929605
61368230
61864899
61946848
61958918
62268425
62303584
62449436
62811967
63006422
64025557
64085077
64202908
65015441
65432495
65511494
65623326
65870796
66289534
66793491
66941495
67711999
67777209
67896334
68370262
68681555
69057701
69748156
69850314
69929605
69933436
61368230
61864899
61946848
61958918
62268425
62303584
62449436
62811967
63006422
64025557
64085077
64202908
65015441
65432495
65511494
65623326
65870796
66289534
66793491
66941495
67711999
67777209
67896334
68370262
68681555
69057701
69748156
69850314
69929605
69933436
60407883
60432840
60449163
60449715
60482462
60653625
60654588
60777352
60777637
60778995
61045227
61065767
61194363
61228748
61233250
61234555
61344795
61505540
61551089
61693373
61728237
61730462
61781567
61782612
61807478
61998567
62117932
62143432
62224959
62248853
62341414
62349044
62353459
62358463
62547777
62758393
62943335
63007766
63032520
63032812
63104172
63174690
63298738
63324001
63453665
63512505
63728257
63761773
63809022
63809385
63853652
63933486
64036475
64076562
64166497
64222615
64233113
64336017
64426009
64468086
64474662
64545198
64658025
64851768
65079198
65097919
65236468
65283215
65368480
65410876
65428148
65531753
65558501
65593228
65614455
65835546
66055766
66083616
66155503
66164527
66181238
66250079
66379729
66401403
66421480
66456855
66577180
66611519
66630583
66932891
66983010
67123622
67127827
67153213
67156234
67193026
67208193
67587081
67657544
67659246
67675161
67714568
67764254
67806600
67862809
68125213
68186383
68367234
68378654
68415608
68516393
68516475
68579276
68702597
68780592
69002765
69005448
69049672
69085348
69488840
69578120
69652211
69690240
60407883
60432840
60449163
60449715
60482462
60653625
60654588
60777352
60777637
60778995
61045227
61065767
61194363
61228748
61233250
61234555
61344795
61505540
61551089
61693373
61728237
61730462
61781567
61782612
61807478
61998567
62117932
62143432
62224959
62248853
62341414
62349044
62353459
62358463
62547777
62758393
63007766
63032520
63032812
63104172
63174690
63298738
63324001
63453665
63512505
63728257
63761773
63809022
63809385
63853652
63933486
64036475
64076562
64166497
64222615
64233113
64336017
64426009
64468086
64474662
64545198
64658025
64851768
65079198
65097919
65236468
65283215
65368480
65410876
65428148
65531753
65558501
65593228
65614455
65835546
66055766
66083616
66155503
66164527
66181238
66250079
66379729
66401403
66421480
66456855
66577180
66611519
66630583
66932891
66983010
67123622
67127827
67153213
67156234
67193026
67208193
67587081
67657544
67659246
67675161
67714568
67764254
67806600
67862809
68125213
68186383
68367234
68378654
68415608
68516393
68516475
68579276
68702597
68780592
69002765
69005448
69049672
69085348
69488840
69578120
69652211
69690240
60921258
62204554
63210649
65049582
65053641
65877011
67871797
68559779
68642050
68821936
68844949
69336971
60921258
60926675
61790160
63114309
63210649
64074369
64280885
65049582
66260582
67452233
67656385
67871797
68821936
68844949
60975042
61072637
61123430
61524715
62469766
66475161
67919053
68619920
68181742
68181742
61544162
65927368
66053815
67642147
61544162
65927368
66053815
67642147
60169147
60360864
60381431
60893549
61402743
61544162
62542883
62559295
62635483
63213271
63655026
63926844
64621219
65153570
65407392
65927368
65995604
65999182
66053815
67015034
67642147
67711141
68991237
69578572
61544162
65153570
65927368
65995604
66053815
67015034
67642147
61544162
65153570
65927368
66053815
67642147
60380219
62303584
65623326
65870796
67711999
68370262
68681555
69057701
69929605
60146547
60282547
60561461
62551918
65871503
60030090
60150773
60202483
60283503
60378887
60503910
60908257
60928701
61087482
61207298
61470000
61714127
61923397
61950693
62186316
62215294
62330713
62356576
62547236
62588304
62971772
62991967
63022184
63038441
63186536
63314847
63415127
63511428
63536890
63752596
63787298
63904374
63905526
63994126
64017261
64035163
64140958
64257623
64306999
64330217
64686359
64726750
64917652
64927333
65006093
65070765
65417810
65449516
65471562
65548471
65562268
65589639
65619527
65846610
66086174
66196286
66261727
66347891
66371376
66394147
66480201
66482647
66760445
67067668
67111869
67336111
67336588
67390194
67935417
68220832
68525086
68854651
68908750
69315692
69894086
61173458
60164844
61139203
61339905
61402056
62301366
62717293
63623021
63679187
64030166
64230487
64930137
65601290
66152959
66456848
67116396
67226298
68486861
69863557
65820373
66713965
68323960
60975042
61072637
61123430
61524715
62469766
66475161
67919053
68619920
61578061
65646855
68018695
68156283
68246072
69161098
69428601
61578061
65646855
68156283
69161098
69428601
61250837
62116435
68181742
60789486
61153676
61470609
61595331
61994056
62630504
62770890
63719468
63793949
65029576
65341896
66808395
67431292
67794055
68965089
60595143
62702487
66455340
60876293
62941601
60913980
61321095
64499719
64887807
65306564
61408568
62237586
62770659
64989833
65992138
66896413
60360234
60598520
65777819
67851022
68086867
68249976
69335339
69901246
60380219
62303584
65623326
65870796
67711999
68370262
68681555
69057701
69929605
64277191
64277191
64277191
63054659
65820487
67223601
67463475
63054659
67223601
67463475
60606497
62537295
64739573
65653312
65787731
67791835
68912827
69231098
69490859
62537295
64739573
65787731
67791835
62543622
62686289
63621718
64008771
65396608
68474542
62543622
62686289
63621718
65396608
68474542
68921751
60440538
66569422
69664651
68847920
60502744
63499449
63899308
66062458
64367030
69119544
60606497
65153570
65653312
65927368
65995604
67015034
69231098
69490859
66457462
60606497
65653312
69231098
69490859
60606497
65653312
69231098
61925206
61925206
60809483
65203774
66864942
64492482
67698555
61628475
64842687
65817014
67805530
69157915
68239028
68924053
68239028
68924053
60902539
63713650
65434101
68239028
68924053
69812388
61786137
62559295
68991237
62580649
62672268
69687625
68847920
60919086
61129173
62793519
65823597
69251827
69912851
66829350
61990104
62731396
63003141
67515858
68042582
60290298
60512343
60521680
60582772
62971911
65892141
66369464
66825836
67288677
67380645
68305617
68551985
69187869
69758307
60437225
61238831
61293226
61327301
62260396
62406495
65837561
69879561
69883079
60437225
61238831
61293226
61327301
62260396
62406495
65837561
69879561
69883079
65941040
66816285
60606497
62041623
62457931
65716809
69231098
61935474
64087822
60704272
68425495
60870205
61115323
61492598
62166299
62185342
62426708
62746131
62827156
62947682
63844048
66219710
68449635
69370226
60950142
61269182
61411557
62525923
64071896
64464725
69377815
69932537
69972859
60950142
61269182
61411557
62525923
64071896
64464725
69377815
69932537
69972859
60950142
61269182
61411557
64071896
64464725
69377815
60950142
61269182
61411557
64071896
64464725
69377815
60950142
61269182
61411557
64071896
64464725
69377815
60950142
61269182
61411557
62525923
64071896
64464725
69377815
69932537
69972859
63696788
64111166
66488568
66593494
69807359
62133420
67920739
62133420
67920739
62133420
63777090
63782333
64759558
67920739
69827148
62290927
62290927
62290927
62290927
62434473
62525923
69932537
69972859
62434473
62525923
69932537
69972859
62434473
62525923
69932537
69972859
62525923
69932537
63777090
63782333
64759558
69827148
63777090
63782333
64759558
69827148
64004919
64850901
65871581
67280335
61353310
64523682
67196556
67522144
61285133
61979766
62247737
63552617
64926765
66185521
66292690
67168464
68017682
66880843
63696788
64111166
66488568
66593494
69807359
62278800
62880066
64244679
68426736
68323960
61251444
61956290
62665633
62965196
63095549
63206946
63608279
67528193
61544162
66053815
67642147
61578061
65646855
68156283
69161098
69428601
60465363
60705584
60818799
60950142
61099292
61164548
61269182
61411557
61715802
62177801
62374421
62516187
62724277
63155633
63958571
64071896
64445721
64464725
64915587
66166446
66482622
66543872
66764109
66985901
67059721
67320413
67703810
67763832
67965937
67988590
68126219
69079313
69095221
69377815
62537295
64739573
65787731
67791835
66114645
68019053
63931492
62278800
62880066
63931492
64244679
68426736
60853152
68633610
69025828
69231098
62394897
68406185
