60470047
60603444
60603444
61033239
61272673
61539165
61684207
61935766
61990104
62526651
62720332
62731396
63003141
63065634
63065634
63144220
63144220
63193915
63278664
63472345
63472345
63751971
63912200
64163818
64311448
64347362
64731377
64731377
64817239
64912833
64912833
64917175
65232651
65312019
65576620
65716809
65871581
66153274
66153274
66158474
66296817
66296817
66379323
66392267
66547080
66801671
67095518
67330546
67383303
67383303
67470427
67970934
68006305
68042582
68093114
68648605
68648605
68846850
68950386
69010267
69097418
69288409
69554265
69588627
69785998
