65383183
65025026
69472373
60089516
65109314
66024386
61177182
63758510
64439241
62838569
69128963
63771461
69194575
67942333
68121033
62721968
61274368
63225793
64823562
67993388
68619201
63446101
63324243
68674735
65108970
69882714
61570367
61339905
67116396
60337036
61321095
61145672
65678867
64752147
60049322
63563250
61027318
62527066
69879561
63472758
66336261
65397489
68473102
69939574
66627936
64795860
65529574
66795019
63406085
69458740
62384561
63510504
61826304
65469223
66425888
66209709
66868061
61286317
62418729
61079012
69899197
64383376
69165431
66478595
60377340
65474658
63039408
64709847
62216389
61078266
64345945
65619445
64560951
62249777
68015158
68137653
65430658
62417794
68649319
60193372
64360267
68524486
69468186
62324703
68370390
68717439
60492182
60467236
60679335
66007700
67508618
68875268
63377299
65973262
65787496
67861116
67920600
69546642
63604761
62880454
62870531
69914400
63004535
64181143
62813683
69561982
66798645
64872666
62865908
61674031
68029478
62035912
65516032
66324519
67961807
67102813
61780814
64812498
62716177
69484272
61853529
67662114
66415919
64557364
68447342
61796957
66008492
69584714
63622528
69227783
68104607
65275948
68461242
68481782
60402701
60083310
68112792
61600020
68695334
61377140
61552390
67459306
66836715
65171903
65460861
65009214
60987646
65264040
64192741
65146864
67847091
65168960
66335031
67448861
69238826
60428977
61350061
63260043
64200095
64571766
69839638
67186747
68209152
67005129
67642478
67783870
69433210
62655190
64017927
62375231
67480229
69386636
67617382
64484293
61760765
63575007
62481188
65128250
63871440
60945348
66271835
68744315
63608592
65802133
62458677
60424555
69325697
62061889
66823988
69005170
68142878
65694177
67127834
62321237
68131903
64828794
67099858
64713856
66288336
67419870
60288614
65523393
66785733
60509468
68481597
69966653
68440789
60674103
60339959
60413174
64346335
69260395
61321177
66658999
67572072
62906867
64661021
69822457
65481357
69286109
63386476
69273791
66824200
60672814
63235175
62058327
64775128
64288280
60051832
60753180
60000777
61014819
68685952
69998003
66315146
66454466
66877886
61425037
66652957
67136192
63397978
61559602
68906272
61979766
64231607
60943030
65455960
64775562
68812015
67370590
63456031
62331936
66992917
67927484
60625280
68850304
67885882
68276514
63198531
69219854
68424233
63828492
65249476
68928023
65522010
66087785
67584217
64645444
64404112
63419848
61627341
68709613
68351874
68474421
62248839
65339991
66656261
60482462
69280145
61942084
61949239
68512217
62882672
62623876
65403846
68775289
68619920
62733002
61213066
66150246
63980518
66690363
64239461
66301762
64960867
68093452
68658880
61753678
63845125
60176113
62667004
68875268
66538291
65973262
68413450
68025526
67319674
65581090
62872742
68169512
67701859
66824855
67594364
65197086
62980974
63614008
69621365
68803742
65358251
69111191
60071315
60703989
64168402
67826738
69331967
68063719
62484063
62828906
62211367
68519051
65614455
60449163
67880547
65393327
66696583
68015603
66072057
62589922
66315630
66059394
61460611
63139942
67284426
62197615
63946448
60228656
61868157
64917990
66479206
62288520
65603156
66649103
68079036
69571791
65660965
64635578
65516000
68596083
66211012
65272375
65272375
65156050
62168834
64035583
62232137
68652347
68009365
68693027
62677849
64337375
61943898
66788028
61168226
67623809
68026076
67630472
67863213
61040251
68361352
60664326
61773474
65425561
66594774
67873638
61954695
64011664
62605173
64532539
64087459
68563329
68982836
66428496
64862113
68241082
68115977
65937298
60281064
64791577
64461800
69051335
60895361
68798569
68738376
65604030
65599341
67874829
68500485
69708254
66848087
69396438
69614285
67404879
60303692
69740106
64852927
60825669
65878330
68291007
68272505
60234292
64612540
68868206
62238161
66456983
65138223
69026022
62132158
67876196
61410989
68924434
67020451
64333341
63397960
68401423
64118627
62172423
65667415
68445366
67652216
67954403
69370226
62746131
64156542
65632371
63016092
62947682
67312014
69456561
65442685
60232989
67791835
62527917
62469339
62888839
62135072
61999270
61301630
67478160
62565070
62077847
65283215
69335734
63297294
61040251
65510887
61040251
60664326
62827156
68919953
60208511
66873005
61115323
62875585
69119544
68351657
64088689
68465130
64885749
67689759
64107221
63465824
66749541
60975042
66480639
60983968
67530760
60140836
62890014
68355004
61737695
68209202
64834701
64170442
66944872
61210038
69492739
61893655
65973903
61985349
68086867
67851022
60598520
69699620
67632060
60111553
62693611
65925659
67955252
64076562
66944751
69692540
67598964
66986800
64911471
64463324
62018464
60337940
65963243
61040251
65587816
63153493
60811032
65536444
69516460
60576207
68828126
61943930
68579276
67392010
61693373
65222582
60778995
60102426
64968127
60432840
61505540
63972222
66401403
63728257
62266207
67565156
69117187
67708686
60944132
68514385
65274166
62651562
66750312
67555436
67578431
69366377
66379896
69014881
67013880
68881591
61622725
69767110
62201818
69001204
69912851
68816412
62078187
64836474
69657571
65367065
62998260
69251827
60538669
67760505
64163818
63823011
63632223
67280335
65133607
64377569
66427896
61120733
65730641
67366752
60233817
68820617
69282192
67739518
60050253
69694032
60096215
68635013
60379569
69557311
67739404
69768664
68837844
60700110
61216849
68022188
62559135
62546091
62462565
61164110
66829350
65846731
62179268
66257643
68423188
60602246
60388778
64475248
62872450
64916550
63114533
63972471
65951942
65100379
64098726
62793362
64169187
61854951
65322216
63450904
64064179
62050519
67897258
62527625
68800657
66963221
69088077
62590216
66391546
67955409
69840124
60916229
64087053
60293216
60048722
62514439
67572325
60171874
67231427
61297395
65695884
63011031
66459972
60309948
69849657
60796349
61334993
65555398
61094014
68323960
62670616
60415474
67292184
65795863
65133639
69972859
62434473
62525923
62979783
69929605
66941495
69057701
66289534
68681555
68370262
69748156
65623326
65432495
65870796
67896334
62303584
64025557
67711999
61958918
65291297
65936883
64385103
68583755
66102931
62851901
61925708
66728497
61665573
68928888
61164683
68996857
66223203
61063392
68586438
62860665
64525733
65865176
63181215
61198148
69431234
64645309
68156835
61917992
68233840
63428683
65203016
68971544
62456078
68681313
69812566
69109347
65011037
62686289
62543622
68188391
67673826
66917327
67224906
60885716
68109682
61673680
63575847
64112026
60216885
60567254
63080878
66138888
68181443
64726309
69585257
62441101
62739717
67306926
63898672
68008765
60303614
67093855
68200527
61539884
68311716
61037038
69040449
64289126
69381226
68458869
62280908
61106826
66493202
67677454
65110373
60748386
64910412
64700905
66011410
68149328
68145486
60198113
65715600
67536813
61732805
64854807
63809022
60407883
61327803
61034145
63489330
67769237
62521088
69387179
69413617
61545271
62269000
61763583
64298641
69200601
68438628
61943948
62894571
65661024
64925873
63302243
69393666
62076065
68620805
65108123
63923734
62195386
62024403
66694073
60643143
65075552
65822933
63174306
67626285
63719468
60789486
65341896
67431292
68965089
66808395
67794055
61470609
61595331
62770890
61153676
61994056
64598208
67906796
63487009
68907417
61802470
68027192
62473864
68178269
69149270
65490281
66069082
61120249
69707679
60660915
61464435
62714767
60511864
60894074
67515491
61808509
65785748
66589827
66460355
64623412
63702593
65550725
63811799
68124403
68036693
68875019
69020254
63512028
69525986
69621269
65159025
64463580
67083996
64562087
63114056
66082514
60044108
64076434
67478769
61072562
62034116
60572881
62195087
64305783
63059670
67972821
61113009
63121691
67812927
62935096
69573276
66612044
67442641
66368889
65304442
65988104
62899458
61864867
62537701
67992884
62665366
60822915
60024931
62930074
62913872
63855589
67082976
65607133
67189202
67402789
60798040
66219710
61492598
66758106
69856947
61079133
61550884
66783522
60877477
67160948
62592530
67714543
61065767
69465051
60654588
63367038
69245913
67426103
64866097
60719819
67403058
67661578
67339463
64593392
66126409
61210159
61563134
69431444
65830360
69004563
68695170
60228791
66763637
63598319
69875456
62556858
61631165
67055616
61683055
66096161
65120061
62071381
69000230
66612756
65919873
61134569
67717735
65010896
62640441
64368456
62276532
65596092
60784820
62468237
68796365
66352600
67072996
62919619
66860602
66416661
67625856
65243224
62135510
66788804
61124315
69649119
68179809
62097102
64970427
67555468
66416259
69851220
63535151
68737908
64867427
68038089
67178526
66479537
62245120
62197519
64758381
61468832
63777090
65651329
64759558
60703003
61755914
69827148
67824210
62449361
60197972
65549908
67312982
65283877
68579689
64033753
64262435
60310224
63423227
65919186
66271447
61875194
61342940
69640472
68476486
62129112
61377514
60016742
67137038
67467438
62053006
63449987
67013236
60007241
64266049
62291534
67536172
67866017
67884200
67479166
67494645
69289272
62053006
67536172
61537552
68302496
68688927
62291534
69289272
62419642
64959231
60294485
60117969
60087718
69632632
66452180
65391842
64807309
60604546
63922664
60273352
62204287
63947710
64406622
65653682
60163429
63386686
62722529
62582995
64672555
67021350
60579580
66075879
63813309
60420140
67756040
65951942
60051704
62008826
69440660
66707204
60931327
61775767
64000041
67295383
64416680
68976744
68095478
64486561
67454889
62886076
64198541
65227729
67852074
69267831
63385125
64412995
60217097
68872286
61379885
63192215
69525954
60004455
67710406
67442659
64642708
67607908
65709095
69363281
69578120
67806600
62785629
61598975
69582535
66953992
60706444
60642632
69694737
64727959
69422299
60004971
65921098
63332681
67755974
69398962
60753376
63783481
64862921
66185521
68946078
63541916
62247737
61677878
68548042
63969190
64926765
64057028
66673392
67168464
65323663
68823570
63782333
66978141
66314514
68352766
65479388
63628506
69041120
62524337
60337456
68268898
64134229
64658228
63046566
64336017
67862809
63007766
61344795
69652211
63761773
66083616
67193026
61233250
67587081
63853652
63032520
64016063
64178371
63985006
69708254
67241909
68652347
68278771
65348759
65866260
65374031
66474102
61179557
62378455
68186013
64160925
61759460
69251617
62767232
66374924
61790160
68301184
62760017
67136694
67061829
64746240
66045537
61183484
65780135
68645178
68754537
62975906
67839422
60473805
65396608
67842151
61849541
69937979
67230332
63406053
64564736
64930525
61721118
62375338
66134797
61730964
62463941
62697734
61323954
60041884
65243092
68857836
61616900
65599067
61516056
64664996
66455340
60595143
63331309
66629296
63784206
63041957
66951176
61251444
67528193
63608279
61956290
63206946
63095549
60122507
65371341
66958765
66399475
62864076
62482105
60862009
61599059
62374275
68461057
64110121
64119476
67477293
61086843
69069536
65250959
65373698
65870757
64530253
66946396
67537114
65462403
61384099
63301789
63770886
60354021
68774810
64691363
66299891
69659729
60120488
66368608
65985542
66514664
61177734
66285518
64301436
67684694
61028854
64807985
68597858
62432764
68049705
61507819
68495077
68924053
68239028
62665633
61273750
64969453
69891738
66987884
63140325
61430397
62559199
67390486
67191961
65649221
62540067
68615224
68455780
68253896
62953906
61313611
66544369
69277067
66877701
65235238
69618579
63899308
61798214
64325323
69729234
64783025
69123382
63267721
63167500
60794921
60369429
68246300
68144384
60901654
61364577
69508588
67291171
69023072
68572997
60755110
69773654
61204074
66876713
64180397
60543196
60742561
66084216
68147811
61357383
69528256
69448066
67326843
60550205
64905415
61021258
60849435
60993058
61251622
62890605
64827518
61247321
65362239
65187099
66569358
60771787
65437229
67805530
65060956
69157915
64842687
61628475
63747097
60633124
64815067
62263111
61913912
66607830
67281476
61387095
69422317
67286263
66117997
61649099
61075284
62314246
67074399
69702148
64070890
64885927
63273037
64233309
64733360
64262182
63048930
69457670
67865164
62181995
67406905
64599178
69351496
63677318
62310080
62773840
67327169
63252616
61578061
68156283
65646855
69428601
69161098
61456335
65256606
65978423
66809134
61294424
66059533
69692533
62389398
60652523
64574239
63312547
63931916
65167940
62904784
63513315
62675549
64979127
65862956
69742986
60256310
62428075
68088334
63782867
60326844
66034206
63229891
66331570
64606861
69994332
61178416
60840347
60789956
64718255
68796205
69894809
60068949
67828486
66464581
69672356
65645073
63080700
68630137
61140134
68962431
68921858
63464569
67600276
62279425
63428548
61281455
66708441
67136527
65654179
64380729
67466069
63145062
62787982
67436599
65145431
64286781
65073188
61924047
62426708
64731377
69930924
66479124
62185342
69498681
62034803
68449635
68925283
62852405
63831531
61440690
67491282
64978071
66023996
67880084
68615007
62758144
61912664
61686286
67203709
69366854
69288170
68323120
65809811
68222025
62874323
62192408
60071055
69955735
68410372
60327832
69799955
69620078
69583861
61951496
61839636
69783463
63580926
67015625
66882723
66282454
63102680
63828282
64112752
68787149
63206184
62964710
69017151
62633219
65033756
60566992
61327301
69899592
64011319
60148110
65547501
62570719
60004932
68377328
61238831
65800164
62091971
69229229
62260396
61506261
61335561
60113045
62376899
63828948
68337141
68368966
62963658
68840580
67649063
69505357
68719073
69356657
66825195
62907403
69397052
60455038
68926524
60483404
66852331
67538668
63386693
61062319
63219776
66067754
68917500
69266583
69399338
61673698
60644213
67212124
60033389
64175667
61687089
65436885
67145106
69259037
67546939
66095629
63605272
68020867
67185588
69129168
67846534
67502280
68969721
64207620
66604802
66705776
64282701
68956026
68764129
67256619
63340856
69018157
67913043
61404018
68521796
63193915
63866393
69692800
66277635
65232651
69281724
66046596
66090532
66661511
65232128
61599828
61492947
66900025
60788509
67470427
67383303
69993198
67324543
64347362
62731396
64535001
69039411
65312019
66379323
60575525
64726597
68006305
61990104
69010801
66730060
69010267
67095518
61214990
61087614
66158474
68042582
65807550
60339756
63194369
62215294
67336111
68854651
64035163
60928701
69315692
66394147
60283503
62971911
62330713
64726750
64140958
63038441
67067668
60503910
66371376
67390194
62547236
62356576
68525086
63511428
61207298
69187869
62991967
66482647
63905526
63186536
67336588
60030090
64917652
65471562
66760445
62588304
66086174
61087482
62971772
68305617
63904374
65006093
63787298
64330217
60908257
68501719
68706880
63634758
68758902
68707174
67750557
67175793
65231791
65442030
65179775
69875634
68510974
69492618
69554265
67970934
67978361
63844048
62165973
67330546
68605397
64375988
69252822
67947540
61698826
69588627
61393123
68953254
66427298
64821668
69288409
65576620
67284967
62166299
69328686
66801671
67156800
64653010
62678189
62145198
63735305
63912200
68217868
63751971
68846850
60793075
69109799
66392267
63003141
62930010
66014050
68811301
67359302
60531703
65216889
62255659
67983981
60347799
66956668
64027889
60180122
68046036
63854188
63261273
67534940
61787125
62942735
61615937
63144220
66192035
65514597
69745110
66153274
68648605
60870205
61163720
60586660
63906717
63564128
64166974
69966169
64160932
69997218
67066242
63324371
64946757
64220308
62829100
66288329
68564954
65978380
60252098
62148415
61318430
66689553
62253409
68196979
68458787
62236203
64849938
69468019
65681639
62089059
66806177
63473251
67007913
63963102
66510954
65353628
67421241
66987140
69116975
65440257
65799655
68808522
61923187
61365088
61348135
68001614
69670412
66960887
60165490
60077752
64284175
60988940
66981995
65050652
66157714
60479936
64616485
60082297
63450893
60888452
65677053
62171588
62798199
68193278
60561618
66636255
65770358
67114872
64084616
63999543
66979948
63047209
66575578
62334569
63673526
62377951
65689333
68885337
67311485
66587947
65214468
63401871
68220832
67380645
63994126
67319400
61733654
66270295
61004305
66138735
65149198
63696788
64111166
66488568
69807359
66593494
60098084
62181917
66211731
66253246
67705882
60094424
69243823
61031277
60998831
64523554
67482148
60192904
61035496
63266345
66302273
68106017
64185622
64268833
61807019
62118226
62190115
68615338
60860524
60856579
69287862
68307714
61108695
67105909
65379092
65909060
68495604
65179113
61784691
61373900
69727870
64742217
68849070
61955936
66920654
64944012
60837123
69559013
68172704
64851992
60295231
69525705
64990579
65501151
67433044
69685535
63094828
66861654
68729943
68548341
69949981
63046267
64341103
64903001
65692450
64265634
66269154
62885871
69060505
62182912
62341147
63127445
61016478
62743516
69425669
64385975
61972234
66880843
60237356
69679201
65199660
63969009
66268796
62050526
63242419
66220997
61618260
63801634
69711994
61717034
67468668
69968704
66621926
62133420
62965196
63415127
65846610
65562268
60582772
61470000
64686359
60378887
67935417
68865313
64204535
67555564
68798117
63417651
66245484
69089389
69481493
65039741
65008728
63006116
61512638
64636228
64658025
68516475
69005448
62224959
63582756
69514363
62431160
64641168
66450635
68351568
63299092
62915211
64401625
69804014
69632372
65993400
66238511
67354593
67505376
61484530
63172390
64741154
62105823
63485702
65112755
68503022
69065961
69275657
65292100
66698869
64717146
67515858
62360852
62530062
68687985
60953971
69833069
63199672
63609185
69692259
64848868
69107392
60183563
63588563
62271492
61476868
69894086
69758307
63314847
67288677
68551985
64927333
63022184
60150773
66347891
64017261
66369464
67111869
60290298
60512343
65619527
61950693
63536890
61923397
65589639
66825836
65417810
60521680
66480201
65892141
69704722
63612530
68470056
61186975
63206106
65474779
67410227
66427750
67381131
67545591
64820491
66401264
65768713
66851311
66640008
67451334
65306169
69296135
63998345
68752600
68774397
62664549
68119000
69936592
63013160
63004649
64093490
67848916
63114309
65052692
65151498
65041144
65532093
60044649
62051838
64794751
69133266
65416772
68593094
62214025
63012838
67619006
64989527
68596368
65837561
64383846
68709378
67553353
60913329
69883079
61904144
65346174
66797212
62640669
66390946
60437225
62406495
61515919
61314485
60591814
62472602
63183586
67633828
65649972
68948346
66966146
63015154
60990795
63806909
60193835
65651382
67002631
67236328
60706907
61954108
68214142
65731907
60179700
60935770
60644341
67226227
60751083
69682635
69848594
60065390
69333498
66984895
65262139
68661606
66000410
67942073
66756906
65907383
68516735
62262276
67203082
62620200
67433286
65593826
62073667
65363113
64582563
69807708
67179724
61047541
68903664
64212140
64043021
69167966
64915943
69245945
62552087
63542594
60488262
60929148
61905794
62639211
68633806
64343150
63528064
64151164
67013115
61087062
67547553
64163298
60369895
65407392
67215259
69616681
68093114
66547080
61869113
67929987
61293226
65825598
64784230
65870369
60722053
67075736
60318801
67444852
66179148
65255066
61936373
60788605
66869448
68404622
62694738
69144469
66551883
61138813
66169136
61129650
62154681
67193236
60710236
62916879
68681726
69775438
68943687
60601468
62549785
61437623
67233008
67370131
69467440
68895616
61094142
